<?xml version="1.0" encoding="UTF-8"?>
<testsuite name="com.example.group11officedeskbooking.FormatDateTest" tests="1" skipped="0" failures="0" errors="0" timestamp="2022-12-29T00:43:31" hostname="StephaniedeAir" time="0.001">
  <properties/>
  <testcase name="whenFormatDateThenProvideFormattedString()" classname="com.example.group11officedeskbooking.FormatDateTest" time="0.001"/>
  <system-out><![CDATA[]]></system-out>
  <system-err><![CDATA[]]></system-err>
</testsuite>
