<?xml version="1.0" encoding="UTF-8"?>
<testsuite name="com.example.group11officedeskbooking.ReceptionistControllerTest" tests="1" skipped="0" failures="0" errors="0" timestamp="2022-12-29T00:43:33" hostname="StephaniedeAir" time="0.174">
  <properties/>
  <testcase name="contentRoute()" classname="com.example.group11officedeskbooking.ReceptionistControllerTest" time="0.174"/>
  <system-out><![CDATA[00:43:31.884 [Test worker] DEBUG org.springframework.test.context.BootstrapUtils - Instantiating CacheAwareContextLoaderDelegate from class [org.springframework.test.context.cache.DefaultCacheAwareContextLoaderDelegate]
00:43:31.889 [Test worker] DEBUG org.springframework.test.context.BootstrapUtils - Instantiating BootstrapContext using constructor [public org.springframework.test.context.support.DefaultBootstrapContext(java.lang.Class,org.springframework.test.context.CacheAwareContextLoaderDelegate)]
00:43:31.905 [Test worker] DEBUG org.springframework.test.context.BootstrapUtils - Instantiating TestContextBootstrapper for test class [com.example.group11officedeskbooking.ReceptionistControllerTest] from class [org.springframework.boot.test.context.SpringBootTestContextBootstrapper]
00:43:31.910 [Test worker] INFO org.springframework.boot.test.context.SpringBootTestContextBootstrapper - Neither @ContextConfiguration nor @ContextHierarchy found for test class [com.example.group11officedeskbooking.ReceptionistControllerTest], using SpringBootContextLoader
00:43:31.912 [Test worker] DEBUG org.springframework.test.context.support.AbstractContextLoader - Did not detect default resource location for test class [com.example.group11officedeskbooking.ReceptionistControllerTest]: class path resource [com/example/group11officedeskbooking/ReceptionistControllerTest-context.xml] does not exist
00:43:31.912 [Test worker] DEBUG org.springframework.test.context.support.AbstractContextLoader - Did not detect default resource location for test class [com.example.group11officedeskbooking.ReceptionistControllerTest]: class path resource [com/example/group11officedeskbooking/ReceptionistControllerTestContext.groovy] does not exist
00:43:31.912 [Test worker] INFO org.springframework.test.context.support.AbstractContextLoader - Could not detect default resource locations for test class [com.example.group11officedeskbooking.ReceptionistControllerTest]: no resource found for suffixes {-context.xml, Context.groovy}.
00:43:31.912 [Test worker] INFO org.springframework.test.context.support.AnnotationConfigContextLoaderUtils - Could not detect default configuration classes for test class [com.example.group11officedeskbooking.ReceptionistControllerTest]: ReceptionistControllerTest does not declare any static, non-private, non-final, nested classes annotated with @Configuration.
00:43:31.935 [Test worker] DEBUG org.springframework.test.context.support.ActiveProfilesUtils - Could not find an 'annotation declaring class' for annotation type [org.springframework.test.context.ActiveProfiles] and class [com.example.group11officedeskbooking.ReceptionistControllerTest]
00:43:31.962 [Test worker] DEBUG org.springframework.context.annotation.ClassPathScanningCandidateComponentProvider - Identified candidate component class: file [/Users/stephanie/Desktop/GitProject/office-desk-booking-system/build/classes/java/main/com/example/group11officedeskbooking/Group11OfficeDeskBookingApplication.class]
00:43:31.963 [Test worker] INFO org.springframework.boot.test.context.SpringBootTestContextBootstrapper - Found @SpringBootConfiguration com.example.group11officedeskbooking.Group11OfficeDeskBookingApplication for test class com.example.group11officedeskbooking.ReceptionistControllerTest
00:43:32.010 [Test worker] DEBUG org.springframework.boot.test.context.SpringBootTestContextBootstrapper - @TestExecutionListeners is not present for class [com.example.group11officedeskbooking.ReceptionistControllerTest]: using defaults.
00:43:32.010 [Test worker] INFO org.springframework.boot.test.context.SpringBootTestContextBootstrapper - Loaded default TestExecutionListener class names from location [META-INF/spring.factories]: [org.springframework.boot.test.autoconfigure.restdocs.RestDocsTestExecutionListener, org.springframework.boot.test.autoconfigure.web.client.MockRestServiceServerResetTestExecutionListener, org.springframework.boot.test.autoconfigure.web.servlet.MockMvcPrintOnlyOnFailureTestExecutionListener, org.springframework.boot.test.autoconfigure.web.servlet.WebDriverTestExecutionListener, org.springframework.boot.test.autoconfigure.webservices.client.MockWebServiceServerTestExecutionListener, org.springframework.boot.test.mock.mockito.MockitoTestExecutionListener, org.springframework.boot.test.mock.mockito.ResetMocksTestExecutionListener, org.springframework.test.context.web.ServletTestExecutionListener, org.springframework.test.context.support.DirtiesContextBeforeModesTestExecutionListener, org.springframework.test.context.event.ApplicationEventsTestExecutionListener, org.springframework.test.context.support.DependencyInjectionTestExecutionListener, org.springframework.test.context.support.DirtiesContextTestExecutionListener, org.springframework.test.context.transaction.TransactionalTestExecutionListener, org.springframework.test.context.jdbc.SqlScriptsTestExecutionListener, org.springframework.test.context.event.EventPublishingTestExecutionListener]
00:43:32.017 [Test worker] INFO org.springframework.boot.test.context.SpringBootTestContextBootstrapper - Using TestExecutionListeners: [org.springframework.test.context.web.ServletTestExecutionListener@433ffad1, org.springframework.test.context.support.DirtiesContextBeforeModesTestExecutionListener@1fc793c2, org.springframework.test.context.event.ApplicationEventsTestExecutionListener@2575f671, org.springframework.boot.test.mock.mockito.MockitoTestExecutionListener@329a1243, org.springframework.boot.test.autoconfigure.SpringBootDependencyInjectionTestExecutionListener@ecf9fb3, org.springframework.test.context.support.DirtiesContextTestExecutionListener@2d35442b, org.springframework.test.context.transaction.TransactionalTestExecutionListener@27f9e982, org.springframework.test.context.jdbc.SqlScriptsTestExecutionListener@4593ff34, org.springframework.test.context.event.EventPublishingTestExecutionListener@37d3d232, org.springframework.boot.test.autoconfigure.restdocs.RestDocsTestExecutionListener@30c0ccff, org.springframework.boot.test.autoconfigure.web.client.MockRestServiceServerResetTestExecutionListener@581d969c, org.springframework.boot.test.autoconfigure.web.servlet.MockMvcPrintOnlyOnFailureTestExecutionListener@22db8f4, org.springframework.boot.test.autoconfigure.web.servlet.WebDriverTestExecutionListener@2b46a8c1, org.springframework.boot.test.autoconfigure.webservices.client.MockWebServiceServerTestExecutionListener@1d572e62, org.springframework.boot.test.mock.mockito.ResetMocksTestExecutionListener@29caf222]
00:43:32.019 [Test worker] DEBUG org.springframework.test.context.support.AbstractDirtiesContextTestExecutionListener - Before test class: context [DefaultTestContext@6e0ff644 testClass = ReceptionistControllerTest, testInstance = [null], testMethod = [null], testException = [null], mergedContextConfiguration = [WebMergedContextConfiguration@58dea0a5 testClass = ReceptionistControllerTest, locations = '{}', classes = '{class com.example.group11officedeskbooking.Group11OfficeDeskBookingApplication}', contextInitializerClasses = '[]', activeProfiles = '{}', propertySourceLocations = '{}', propertySourceProperties = '{org.springframework.boot.test.context.SpringBootTestContextBootstrapper=true}', contextCustomizers = set[org.springframework.boot.test.autoconfigure.actuate.metrics.MetricsExportContextCustomizerFactory$DisableMetricExportContextCustomizer@607fbe09, org.springframework.boot.test.autoconfigure.properties.PropertyMappingContextCustomizer@0, org.springframework.boot.test.autoconfigure.web.servlet.WebDriverContextCustomizerFactory$Customizer@53d1b9b3, org.springframework.boot.test.context.filter.ExcludeFilterContextCustomizer@7e928e2f, org.springframework.boot.test.json.DuplicateJsonObjectContextCustomizerFactory$DuplicateJsonObjectContextCustomizer@4febb875, org.springframework.boot.test.mock.mockito.MockitoContextCustomizer@0, org.springframework.boot.test.web.client.TestRestTemplateContextCustomizer@758c83d8, org.springframework.boot.test.context.SpringBootTestArgs@1, org.springframework.boot.test.context.SpringBootTestWebEnvironment@34129c78], resourceBasePath = 'src/main/webapp', contextLoader = 'org.springframework.boot.test.context.SpringBootContextLoader', parent = [null]], attributes = map['org.springframework.test.context.web.ServletTestExecutionListener.activateListener' -> true]], class annotated with @DirtiesContext [false] with mode [null].
00:43:32.033 [Test worker] DEBUG org.springframework.test.context.support.TestPropertySourceUtils - Adding inlined properties to environment: {spring.jmx.enabled=false, org.springframework.boot.test.context.SpringBootTestContextBootstrapper=true}

  .   ____          _            __ _ _
 /\\ / ___'_ __ _ _(_)_ __  __ _ \ \ \ \
( ( )\___ | '_ | '_| | '_ \/ _` | \ \ \ \
 \\/  ___)| |_)| | | | | || (_| |  ) ) ) )
  '  |____| .__|_| |_|_| |_\__, | / / / /
 =========|_|==============|___/=/_/_/_/
 :: Spring Boot ::                (v2.5.6)

2022-12-29 00:43:32.167  INFO 45975 --- [    Test worker] c.e.g.ReceptionistControllerTest         : Starting ReceptionistControllerTest using Java 11.0.17 on StephaniedeAir with PID 45975 (started by stephanie in /Users/stephanie/Desktop/GitProject/office-desk-booking-system)
2022-12-29 00:43:32.168  INFO 45975 --- [    Test worker] c.e.g.ReceptionistControllerTest         : No active profile set, falling back to default profiles: default
2022-12-29 00:43:33.001  INFO 45975 --- [    Test worker] c.e.g.ReceptionistControllerTest         : Started ReceptionistControllerTest in 0.954 seconds (JVM running for 1.661)
]]></system-out>
  <system-err><![CDATA[]]></system-err>
</testsuite>
