<?xml version="1.0" encoding="UTF-8"?>
<testsuite name="com.example.group11officedeskbooking.UserTest" tests="9" skipped="0" failures="0" errors="0" timestamp="2022-12-29T00:43:33" hostname="StephaniedeAir" time="0.003">
  <properties/>
  <testcase name="getPasswordTest()" classname="com.example.group11officedeskbooking.UserTest" time="0.0"/>
  <testcase name="getAdminPasswordTest()" classname="com.example.group11officedeskbooking.UserTest" time="0.001"/>
  <testcase name="getUserFirstnameTest()" classname="com.example.group11officedeskbooking.UserTest" time="0.0"/>
  <testcase name="getAdminIdTest()" classname="com.example.group11officedeskbooking.UserTest" time="0.0"/>
  <testcase name="getDepartmentTest()" classname="com.example.group11officedeskbooking.UserTest" time="0.0"/>
  <testcase name="getAdminFirstnameTest()" classname="com.example.group11officedeskbooking.UserTest" time="0.0"/>
  <testcase name="getUserIdTest()" classname="com.example.group11officedeskbooking.UserTest" time="0.0"/>
  <testcase name="getUserLastnameTest()" classname="com.example.group11officedeskbooking.UserTest" time="0.0"/>
  <testcase name="getEmailTest()" classname="com.example.group11officedeskbooking.UserTest" time="0.0"/>
  <system-out><![CDATA[]]></system-out>
  <system-err><![CDATA[]]></system-err>
</testsuite>
