<?xml version="1.0" encoding="UTF-8"?>
<testsuite name="com.example.group11officedeskbooking.AdminBookingTest" tests="7" skipped="0" failures="0" errors="0" timestamp="2022-12-29T00:43:31" hostname="StephaniedeAir" time="0.008">
  <properties/>
  <testcase name="GetIdTest()" classname="com.example.group11officedeskbooking.AdminBookingTest" time="0.005"/>
  <testcase name="GetDeskLocationTest()" classname="com.example.group11officedeskbooking.AdminBookingTest" time="0.001"/>
  <testcase name="GetLastNameTest()" classname="com.example.group11officedeskbooking.AdminBookingTest" time="0.0"/>
  <testcase name="GetDeskNumberTest()" classname="com.example.group11officedeskbooking.AdminBookingTest" time="0.0"/>
  <testcase name="GetDateTest()" classname="com.example.group11officedeskbooking.AdminBookingTest" time="0.0"/>
  <testcase name="GetFirstNameTest()" classname="com.example.group11officedeskbooking.AdminBookingTest" time="0.001"/>
  <testcase name="GetUserIdTest()" classname="com.example.group11officedeskbooking.AdminBookingTest" time="0.0"/>
  <system-out><![CDATA[]]></system-out>
  <system-err><![CDATA[]]></system-err>
</testsuite>
